<?xml version="1.0" encoding="UTF-8"?>
<!-- Generated by org.testng.reporters.JUnitReportReporter -->
<testsuite hostname="coms-MacBook-Air.local" failures="0" tests="1" name="apachePOI.WriteDataInExcel" time="0.620" errors="0" timestamp="2025-06-08T17:26:04 IST" skipped="0">
  <testcase classname="apachePOI.WriteDataInExcel" name="writeDataToExcel" time="0.620"/>
</testsuite> <!-- apachePOI.WriteDataInExcel -->
