<?xml version="1.0" encoding="UTF-8"?>
<!-- Generated by org.testng.reporters.JUnitReportReporter -->
<testsuite hostname="coms-MacBook-Air.local" failures="0" tests="1" name="apachePOI.ReadDataFromExcel" time="0.600" errors="0" timestamp="2025-07-27T18:29:27 IST" skipped="0">
  <testcase classname="apachePOI.ReadDataFromExcel" name="readData" time="0.600"/>
</testsuite> <!-- apachePOI.ReadDataFromExcel -->
