<?xml version="1.0" encoding="UTF-8"?>
<!-- Generated by org.testng.reporters.JUnitReportReporter -->
<testsuite hostname="coms-MacBook-Air.local" failures="0" tests="2" name="testNG.annotations.xmlRelatedAnnotations.Class3" time="0.005" errors="0" timestamp="2025-05-22T22:23:03 IST" skipped="0">
  <testcase classname="testNG.annotations.xmlRelatedAnnotations.Class3" name="c3m1" time="0.004"/>
  <testcase classname="testNG.annotations.xmlRelatedAnnotations.Class3" name="c3m2" time="0.001"/>
</testsuite> <!-- testNG.annotations.xmlRelatedAnnotations.Class3 -->
