<?xml version="1.0" encoding="UTF-8"?>
<!-- Generated by org.testng.reporters.JUnitReportReporter -->
<testsuite hostname="coms-MacBook-Air.local" failures="0" tests="2" name="testNG.annotations.Annotations1" time="0.030" errors="0" timestamp="2025-05-20T21:59:48 IST" skipped="0">
  <testcase classname="testNG.annotations.Annotations1" name="search2" time="0.004"/>
  <testcase classname="testNG.annotations.Annotations1" name="search1" time="0.026"/>
</testsuite> <!-- testNG.annotations.Annotations1 -->
