<?xml version="1.0" encoding="UTF-8"?>
<!-- Generated by org.testng.reporters.JUnitReportReporter -->
<testsuite hostname="coms-MacBook-Air.local" failures="0" tests="3" name="testNG.groups.Class3" time="0.027" errors="0" timestamp="2025-05-24T15:55:11 IST" skipped="0">
  <testcase classname="testNG.groups.Class3" name="method1" time="0.022"/>
  <testcase classname="testNG.groups.Class3" name="method2" time="0.003"/>
  <testcase classname="testNG.groups.Class3" name="method3" time="0.002"/>
</testsuite> <!-- testNG.groups.Class3 -->
