<?xml version="1.0" encoding="UTF-8"?>
<!-- Generated by org.testng.reporters.JUnitReportReporter -->
<testsuite hostname="coms-MacBook-Air.local" failures="0" tests="1" name="pom.LoginTest" time="9.790" errors="0" timestamp="2025-05-18T00:16:12 IST" skipped="0">
  <testcase classname="pom.LoginTest" name="testLogin" time="9.790"/>
</testsuite> <!-- pom.LoginTest -->
