<?xml version="1.0" encoding="UTF-8"?>
<!-- Generated by org.testng.reporters.JUnitReportReporter -->
<testsuite hostname="coms-MacBook-Air.local" failures="0" tests="6" name="testCases.LoginTest" time="33.128" errors="0" timestamp="2025-08-14T23:22:48 IST" skipped="0">
  <testcase classname="testCases.LoginTest" name="TC003_LoginTestDDT" time="6.449"/>
  <testcase classname="testCases.LoginTest" name="TC003_LoginTestDDT" time="6.419"/>
  <testcase classname="testCases.LoginTest" name="TC003_LoginTestDDT" time="5.715"/>
  <testcase classname="testCases.LoginTest" name="TC003_LoginTestDDT" time="1.982"/>
  <testcase classname="testCases.LoginTest" name="TC003_LoginTestDDT" time="6.385"/>
  <testcase classname="testCases.LoginTest" name="TC003_LoginTestDDT" time="6.178"/>
</testsuite> <!-- testCases.LoginTest -->
