<?xml version="1.0" encoding="UTF-8"?>
<!-- Generated by org.testng.reporters.JUnitReportReporter -->
<testsuite hostname="coms-MacBook-Air.local" failures="0" tests="2" name="testNG.annotations.Annotations2" time="0.015" errors="0" timestamp="2025-05-20T21:58:58 IST" skipped="0">
  <testcase classname="testNG.annotations.Annotations2" name="tc2_search1" time="0.013"/>
  <testcase classname="testNG.annotations.Annotations2" name="tc2_search2" time="0.002"/>
</testsuite> <!-- testNG.annotations.Annotations2 -->
