<?xml version="1.0" encoding="UTF-8"?>
<!-- Generated by org.testng.reporters.JUnitReportReporter -->
<testsuite hostname="coms-MacBook-Air.local" failures="0" tests="3" name="testNG.groups.Class1" time="0.023" errors="0" timestamp="2025-05-24T10:27:00 IST" skipped="0">
  <testcase classname="testNG.groups.Class1" name="method1" time="0.019"/>
  <testcase classname="testNG.groups.Class1" name="method2" time="0.002"/>
  <testcase classname="testNG.groups.Class1" name="method3" time="0.002"/>
</testsuite> <!-- testNG.groups.Class1 -->
