<?xml version="1.0" encoding="UTF-8"?>
<!-- Generated by org.testng.reporters.JUnitReportReporter -->
<testsuite hostname="coms-MacBook-Air.local" failures="0" tests="3" name="testNG.testNgClass" time="0.024" errors="0" timestamp="2025-05-19T23:34:27 IST" skipped="0">
  <testcase classname="testNG.testNgClass" name="setup" time="0.018"/>
  <testcase classname="testNG.testNgClass" name="test1" time="0.002"/>
  <testcase classname="testNG.testNgClass" name="teardown" time="0.004"/>
</testsuite> <!-- testNG.testNgClass -->
