<?xml version="1.0" encoding="UTF-8"?>
<!-- Generated by org.testng.reporters.JUnitReportReporter -->
<testsuite hostname="coms-MacBook-Air.local" failures="0" tests="1" name="testCases.RegistrationTest" time="1.607" errors="0" timestamp="2025-08-17T22:14:52 IST" skipped="0">
  <testcase classname="testCases.RegistrationTest" name="registerationTest_TC001" time="1.607"/>
</testsuite> <!-- testCases.RegistrationTest -->
